C51 COMPILER V9.60.0.0   MAIN                                                              04/21/2021 21:32:20 PAGE 1   


C51 COMPILER V9.60.0.0, COMPILATION OF MODULE MAIN
OBJECT MODULE PLACED IN .\build\Debug\main.o
COMPILER INVOKED BY: C:\Keil_v5\C51\BIN\C51.exe .\SRC\MAIN.C PRINT(.\build\Debug\main.lst) OMF2 TABS(4) CODE NOCOND SYMB
                    -OLS OPTIMIZE(8,SPEED) SMALL ROM(LARGE) INCDIR(C:\Keil_v5\C51\INC;.\src) DEFINE(__UVISION_VERSION=526) OBJECT(.\build\Deb
                    -ug\main.o)

line level    source

   1          
   2          #include "reg52.h"
   3          #include "st7565.h"
   4          #include "picture.h"
   5          
   6          void Delay10ms(unsigned int c)   //误差 0us
   7          {
   8   1          unsigned char a,b;
   9   1          for(;c>0;c--)
  10   1              for(b=38;b>0;b--)
  11   1                  for(a=130;a>0;a--);
  12   1      }
  13          
  14          void main(void)
  15          {
  16   1          uchar i,j;
  17   1          uint n;
  18   1          Lcd12864_Init();
  19   1          Lcd12864_ClearScreen();
  20   1      
  21   1      //-----------------------128*64-----------------------//
  22   1      // COM63
  23   1      // COM62
  24   1      // ...
  25   1      // COM02
  26   1      // COM01
  27   1      // COM00
  28   1      //      SEG000 SEG001 SEG002 ... SEG126 SEG127 ... SEG131
  29   1      //-----------------------128*64-----------------------//
  30   1      
  31   1          //0xA0,Narmal(SEG0-SEG131) 0xA1,Reverse(SEG131-SEG0);
  32   1          LcdSt7565_WriteCmd(0xA0);//ADC Select (Segment Driver Direction Select)
  33   1      
  34   1          //0xC0,Narmal(COM0→COM63) 0xC8,Reverse(COM63→COM0);
  35   1          LcdSt7565_WriteCmd(0xC8);//Common Output Mode Select
  36   1      
  37   1          //--从左到右,从上到下,慢慢刷黑屏幕--//
  38   1          for (i=0; i<8; i++)
  39   1          {
  40   2              LcdSt7565_WriteCmd(0xB0+i); //设置Y坐标，具体可以看清屏函数里面的说明
  41   2      
  42   2              LcdSt7565_WriteCmd(0x10);   //设置X坐标，具体可以看清屏函数里面的说明
  43   2              LcdSt7565_WriteCmd(0x00);//0 ... 127
  44   2              for (j=0; j<128; j++)
  45   2              {
  46   3                  LcdSt7565_WriteData(0xFF);  //如果设置背景为白色时，清屏选择0XFF
  47   3                  Delay10ms(2);               //延时一下
  48   3              }
  49   2          }
  50   1      
  51   1          //0xA0,Narmal(SEG0-SEG131) 0xA1,Reverse(SEG131-SEG0);
  52   1          LcdSt7565_WriteCmd(0xA1);//ADC Select (Segment Driver Direction Select)
  53   1      
C51 COMPILER V9.60.0.0   MAIN                                                              04/21/2021 21:32:20 PAGE 2   

  54   1          //0xC0,Narmal(COM0→COM63) 0xC8,Reverse(COM63→COM0);
  55   1          LcdSt7565_WriteCmd(0xC0);//Common Output Mode Select
  56   1      
  57   1          //--从右到左,从下到上,慢慢刷白屏幕--//
  58   1          for (i=0; i<8; i++)
  59   1          {
  60   2              LcdSt7565_WriteCmd(0xB0+i); //设置Y坐标，具体可以看清屏函数里面的说明
  61   2      
  62   2              LcdSt7565_WriteCmd(0x10);   //设置X坐标，具体可以看清屏函数里面的说明
  63   2              LcdSt7565_WriteCmd(0x04);//0 ... 127(0x04) 128(0x03) 129(0x02) 130(0x01) 131(0x00)
  64   2              for (j=0; j<128; j++)
  65   2              {
  66   3                  LcdSt7565_WriteData(0x00);  //如果设置背景为白色时，清屏选择0XFF
  67   3                  Delay10ms(2);               //延时一下
  68   3              }
  69   2          }   
  70   1      
  71   1          // for (i=0; i<8; i += 2)
  72   1          // {
  73   1          //     Lcd12864_Write16CnCHAR(0, i,"中文测试字符输出");
  74   1          // }
  75   1      
  76   1          //0xA0,Narmal(SEG0-SEG131) 0xA1,Reverse(SEG131-SEG0);
  77   1          LcdSt7565_WriteCmd(0xA0);//ADC Select (Segment Driver Direction Select)
  78   1      
  79   1          //0xC0,Narmal(COM0→COM63) 0xC8,Reverse(COM63→COM0);
  80   1          LcdSt7565_WriteCmd(0xC8);//Common Output Mode Select
  81   1      
  82   1          Lcd12864_Write16CnCHAR(0, 0,"中文测试字符输出");
  83   1          Lcd12864_Write16CnCHAR(0, 2,"常用汉字显示测试");
  84   1          Delay10ms(1000);
  85   1      
  86   1          //0xA0,Narmal(SEG0-SEG131) 0xA1,Reverse(SEG131-SEG0);
  87   1          LcdSt7565_WriteCmd(0xA1);//ADC Select (Segment Driver Direction Select)
  88   1      
  89   1          //0xC0,Narmal(COM0→COM63) 0xC8,Reverse(COM63→COM0);
  90   1          LcdSt7565_WriteCmd(0xC8);//Common Output Mode Select
  91   1      
  92   1          for (i=0;i<8;i++)
  93   1          {  
  94   2              //--设置初始显示开始位置--//
  95   2              LcdSt7565_WriteCmd(0x40);
  96   2      
  97   2              //--设置Y坐标--//
  98   2              LcdSt7565_WriteCmd(0xB0+i);
  99   2              
 100   2              //--设置X坐标--// 
 101   2              LcdSt7565_WriteCmd(0x10); 
 102   2              LcdSt7565_WriteCmd(0x04); 
 103   2              for(j=0; j<128; j++)
 104   2              {
 105   3                  LcdSt7565_WriteData(~pic[n]);
 106   3                  n=n+1;
 107   3              }
 108   2          }
 109   1      
 110   1          while(1)
 111   1          {
 112   2      
 113   2          }
 114   1      }
C51 COMPILER V9.60.0.0   MAIN                                                              04/21/2021 21:32:20 PAGE 3   

ASSEMBLY LISTING OF GENERATED OBJECT CODE


             ; FUNCTION _Delay10ms (BEGIN)
                                           ; SOURCE LINE # 6
;---- Variable 'c' assigned to Register 'R6/R7' ----
                                           ; SOURCE LINE # 7
                                           ; SOURCE LINE # 9
0000         ?C0001:
0000 D3                SETB    C
0001 EF                MOV     A,R7
0002 9400              SUBB    A,#00H
0004 EE                MOV     A,R6
0005 9400              SUBB    A,#00H
0007 4025              JC      ?C0010
                                           ; SOURCE LINE # 10
;---- Variable 'b' assigned to Register 'R5' ----
0009 7D26              MOV     R5,#026H
000B         ?C0004:
000B ED                MOV     A,R5
000C D3                SETB    C
000D 9400              SUBB    A,#00H
000F 7480              MOV     A,#080H
0011 9480              SUBB    A,#080H
0013 4012              JC      ?C0003
                                           ; SOURCE LINE # 11
;---- Variable 'a' assigned to Register 'R4' ----
0015 7C82              MOV     R4,#082H
0017         ?C0007:
0017 EC                MOV     A,R4
0018 D3                SETB    C
0019 9400              SUBB    A,#00H
001B 7480              MOV     A,#080H
001D 9480              SUBB    A,#080H
001F 4003              JC      ?C0006
0021 1C                DEC     R4
0022 80F3              SJMP    ?C0007
0024         ?C0006:
0024 1D                DEC     R5
0025 80E4              SJMP    ?C0004
0027         ?C0003:
0027 EF                MOV     A,R7
0028 1F                DEC     R7
0029 70D5              JNZ     ?C0001
002B 1E                DEC     R6
002C         ?C0032:
002C 80D2              SJMP    ?C0001
                                           ; SOURCE LINE # 12
002E         ?C0010:
002E 22                RET     
             ; FUNCTION _Delay10ms (END)

             ; FUNCTION main (BEGIN)
                                           ; SOURCE LINE # 14
                                           ; SOURCE LINE # 15
                                           ; SOURCE LINE # 18
0000 120000      E     LCALL   Lcd12864_Init
                                           ; SOURCE LINE # 19
0003 120000      E     LCALL   Lcd12864_ClearScreen
                                           ; SOURCE LINE # 32
0006 7FA0              MOV     R7,#0A0H
0008 120000      E     LCALL   _LcdSt7565_WriteCmd
C51 COMPILER V9.60.0.0   MAIN                                                              04/21/2021 21:32:20 PAGE 4   

                                           ; SOURCE LINE # 35
000B 7FC8              MOV     R7,#0C8H
000D 120000      E     LCALL   _LcdSt7565_WriteCmd
                                           ; SOURCE LINE # 38
0010 E4                CLR     A
0011 F500        R     MOV     i,A
0013         ?C0011:
0013 C3                CLR     C
0014 E500        R     MOV     A,i
0016 9408              SUBB    A,#08H
0018 7480              MOV     A,#080H
001A 9480              SUBB    A,#080H
001C 5034              JNC     ?C0012
                                           ; SOURCE LINE # 39
                                           ; SOURCE LINE # 40
001E E500        R     MOV     A,i
0020 24B0              ADD     A,#0B0H
0022 FF                MOV     R7,A
0023 120000      E     LCALL   _LcdSt7565_WriteCmd
                                           ; SOURCE LINE # 42
0026 7F10              MOV     R7,#010H
0028 120000      E     LCALL   _LcdSt7565_WriteCmd
                                           ; SOURCE LINE # 43
002B E4                CLR     A
002C FF                MOV     R7,A
002D 120000      E     LCALL   _LcdSt7565_WriteCmd
                                           ; SOURCE LINE # 44
0030 E4                CLR     A
0031 F500        R     MOV     j,A
0033         ?C0014:
0033 C3                CLR     C
0034 E500        R     MOV     A,j
0036 9480              SUBB    A,#080H
0038 7480              MOV     A,#080H
003A 9480              SUBB    A,#080H
003C 5010              JNC     ?C0013
                                           ; SOURCE LINE # 45
                                           ; SOURCE LINE # 46
003E 7FFF              MOV     R7,#0FFH
0040 120000      E     LCALL   _LcdSt7565_WriteData
                                           ; SOURCE LINE # 47
0043 7F02              MOV     R7,#02H
0045 7E00              MOV     R6,#00H
0047 120000      R     LCALL   _Delay10ms
                                           ; SOURCE LINE # 48
004A 0500        R     INC     j
004C 80E5              SJMP    ?C0014
                                           ; SOURCE LINE # 49
004E         ?C0013:
004E 0500        R     INC     i
0050 80C1              SJMP    ?C0011
0052         ?C0012:
                                           ; SOURCE LINE # 52
0052 7FA1              MOV     R7,#0A1H
0054 120000      E     LCALL   _LcdSt7565_WriteCmd
                                           ; SOURCE LINE # 55
0057 7FC0              MOV     R7,#0C0H
0059 120000      E     LCALL   _LcdSt7565_WriteCmd
                                           ; SOURCE LINE # 58
005C E4                CLR     A
005D F500        R     MOV     i,A
005F         ?C0017:
C51 COMPILER V9.60.0.0   MAIN                                                              04/21/2021 21:32:20 PAGE 5   

005F C3                CLR     C
0060 E500        R     MOV     A,i
0062 9408              SUBB    A,#08H
0064 7480              MOV     A,#080H
0066 9480              SUBB    A,#080H
0068 5034              JNC     ?C0018
                                           ; SOURCE LINE # 59
                                           ; SOURCE LINE # 60
006A E500        R     MOV     A,i
006C 24B0              ADD     A,#0B0H
006E FF                MOV     R7,A
006F 120000      E     LCALL   _LcdSt7565_WriteCmd
                                           ; SOURCE LINE # 62
0072 7F10              MOV     R7,#010H
0074 120000      E     LCALL   _LcdSt7565_WriteCmd
                                           ; SOURCE LINE # 63
0077 7F04              MOV     R7,#04H
0079 120000      E     LCALL   _LcdSt7565_WriteCmd
                                           ; SOURCE LINE # 64
007C E4                CLR     A
007D F500        R     MOV     j,A
007F         ?C0020:
007F C3                CLR     C
0080 E500        R     MOV     A,j
0082 9480              SUBB    A,#080H
0084 7480              MOV     A,#080H
0086 9480              SUBB    A,#080H
0088 5010              JNC     ?C0019
                                           ; SOURCE LINE # 65
                                           ; SOURCE LINE # 66
008A E4                CLR     A
008B FF                MOV     R7,A
008C 120000      E     LCALL   _LcdSt7565_WriteData
                                           ; SOURCE LINE # 67
008F 7F02              MOV     R7,#02H
0091 7E00              MOV     R6,#00H
0093 120000      R     LCALL   _Delay10ms
                                           ; SOURCE LINE # 68
0096 0500        R     INC     j
0098 80E5              SJMP    ?C0020
                                           ; SOURCE LINE # 69
009A         ?C0019:
009A 0500        R     INC     i
009C 80C1              SJMP    ?C0017
009E         ?C0018:
                                           ; SOURCE LINE # 77
009E 7FA0              MOV     R7,#0A0H
00A0 120000      E     LCALL   _LcdSt7565_WriteCmd
                                           ; SOURCE LINE # 80
00A3 7FC8              MOV     R7,#0C8H
00A5 120000      E     LCALL   _LcdSt7565_WriteCmd
                                           ; SOURCE LINE # 82
00A8 7BFF              MOV     R3,#0FFH
00AA 7A00        R     MOV     R2,#HIGH ?SC_0
00AC 7900        R     MOV     R1,#LOW ?SC_0
00AE E4                CLR     A
00AF FD                MOV     R5,A
00B0 FF                MOV     R7,A
00B1 120000      E     LCALL   _Lcd12864_Write16CnCHAR
                                           ; SOURCE LINE # 83
00B4 7BFF              MOV     R3,#0FFH
00B6 7A00        R     MOV     R2,#HIGH ?SC_25
C51 COMPILER V9.60.0.0   MAIN                                                              04/21/2021 21:32:20 PAGE 6   

00B8 7900        R     MOV     R1,#LOW ?SC_25
00BA 7D02              MOV     R5,#02H
00BC E4                CLR     A
00BD FF                MOV     R7,A
00BE 120000      E     LCALL   _Lcd12864_Write16CnCHAR
                                           ; SOURCE LINE # 84
00C1 7FE8              MOV     R7,#0E8H
00C3 7E03              MOV     R6,#03H
00C5 120000      R     LCALL   _Delay10ms
                                           ; SOURCE LINE # 87
00C8 7FA1              MOV     R7,#0A1H
00CA 120000      E     LCALL   _LcdSt7565_WriteCmd
                                           ; SOURCE LINE # 90
00CD 7FC8              MOV     R7,#0C8H
00CF 120000      E     LCALL   _LcdSt7565_WriteCmd
                                           ; SOURCE LINE # 92
00D2 E4                CLR     A
00D3 F500        R     MOV     i,A
00D5         ?C0023:
00D5 C3                CLR     C
00D6 E500        R     MOV     A,i
00D8 9408              SUBB    A,#08H
00DA 7480              MOV     A,#080H
00DC 9480              SUBB    A,#080H
00DE 5048              JNC     ?C0029
                                           ; SOURCE LINE # 93
                                           ; SOURCE LINE # 95
00E0 7F40              MOV     R7,#040H
00E2 120000      E     LCALL   _LcdSt7565_WriteCmd
                                           ; SOURCE LINE # 98
00E5 E500        R     MOV     A,i
00E7 24B0              ADD     A,#0B0H
00E9 FF                MOV     R7,A
00EA 120000      E     LCALL   _LcdSt7565_WriteCmd
                                           ; SOURCE LINE # 101
00ED 7F10              MOV     R7,#010H
00EF 120000      E     LCALL   _LcdSt7565_WriteCmd
                                           ; SOURCE LINE # 102
00F2 7F04              MOV     R7,#04H
00F4 120000      E     LCALL   _LcdSt7565_WriteCmd
                                           ; SOURCE LINE # 103
00F7 E4                CLR     A
00F8 F500        R     MOV     j,A
00FA         ?C0026:
00FA C3                CLR     C
00FB E500        R     MOV     A,j
00FD 9480              SUBB    A,#080H
00FF 7480              MOV     A,#080H
0101 9480              SUBB    A,#080H
0103 501F              JNC     ?C0025
                                           ; SOURCE LINE # 104
                                           ; SOURCE LINE # 105
0105 7400        R     MOV     A,#LOW pic
0107 2500        R     ADD     A,n+01H
0109 F582              MOV     DPL,A
010B 7400        R     MOV     A,#HIGH pic
010D 3500        R     ADDC    A,n
010F F583              MOV     DPH,A
0111 E4                CLR     A
0112 93                MOVC    A,@A+DPTR
0113 F4                CPL     A
0114 FF                MOV     R7,A
C51 COMPILER V9.60.0.0   MAIN                                                              04/21/2021 21:32:20 PAGE 7   

0115 120000      E     LCALL   _LcdSt7565_WriteData
                                           ; SOURCE LINE # 106
0118 0500        R     INC     n+01H
011A E500        R     MOV     A,n+01H
011C 7002              JNZ     ?C0033
011E 0500        R     INC     n
0120         ?C0033:
                                           ; SOURCE LINE # 107
0120 0500        R     INC     j
0122 80D6              SJMP    ?C0026
                                           ; SOURCE LINE # 108
0124         ?C0025:
0124 0500        R     INC     i
0126 80AD              SJMP    ?C0023
0128         ?C0029:
                                           ; SOURCE LINE # 110
                                           ; SOURCE LINE # 111
                                           ; SOURCE LINE # 113
0128 80FE              SJMP    ?C0029
             ; FUNCTION main (END)

C51 COMPILER V9.60.0.0   MAIN                                                              04/21/2021 21:32:20 PAGE 8   

NAME                                    CLASS   MSPACE  TYPE    OFFSET  SIZE
====                                    =====   ======  ====    ======  ====


P0 . . . . . . . . . . . . . . . . . .  SFR      DATA   U_CHAR   0080H  1
P1 . . . . . . . . . . . . . . . . . .  SFR      DATA   U_CHAR   0090H  1
P2 . . . . . . . . . . . . . . . . . .  SFR      DATA   U_CHAR   00A0H  1
P3 . . . . . . . . . . . . . . . . . .  SFR      DATA   U_CHAR   00B0H  1
T0 . . . . . . . . . . . . . . . . . .  ABSBIT   -----  BIT      00B4H  1
AC . . . . . . . . . . . . . . . . . .  ABSBIT   -----  BIT      00D6H  1
T1 . . . . . . . . . . . . . . . . . .  ABSBIT   -----  BIT      00B5H  1
T2 . . . . . . . . . . . . . . . . . .  ABSBIT   -----  BIT      0090H  1
EA . . . . . . . . . . . . . . . . . .  ABSBIT   -----  BIT      00AFH  1
IE . . . . . . . . . . . . . . . . . .  SFR      DATA   U_CHAR   00A8H  1
Lcd12864_Init. . . . . . . . . . . . .  EXTERN   CODE   PROC     -----  -----
EXF2 . . . . . . . . . . . . . . . . .  ABSBIT   -----  BIT      00CEH  1
RD . . . . . . . . . . . . . . . . . .  ABSBIT   -----  BIT      00B7H  1
ES . . . . . . . . . . . . . . . . . .  ABSBIT   -----  BIT      00ACH  1
IP . . . . . . . . . . . . . . . . . .  SFR      DATA   U_CHAR   00B8H  1
RI . . . . . . . . . . . . . . . . . .  ABSBIT   -----  BIT      0098H  1
INT0 . . . . . . . . . . . . . . . . .  ABSBIT   -----  BIT      00B2H  1
CY . . . . . . . . . . . . . . . . . .  ABSBIT   -----  BIT      00D7H  1
TI . . . . . . . . . . . . . . . . . .  ABSBIT   -----  BIT      0099H  1
INT1 . . . . . . . . . . . . . . . . .  ABSBIT   -----  BIT      00B3H  1
_LcdSt7565_WriteData . . . . . . . . .  EXTERN   CODE   PROC     -----  -----
RCAP2H . . . . . . . . . . . . . . . .  SFR      DATA   U_CHAR   00CBH  1
PS . . . . . . . . . . . . . . . . . .  ABSBIT   -----  BIT      00BCH  1
SP . . . . . . . . . . . . . . . . . .  SFR      DATA   U_CHAR   0081H  1
T2EX . . . . . . . . . . . . . . . . .  ABSBIT   -----  BIT      0091H  1
OV . . . . . . . . . . . . . . . . . .  ABSBIT   -----  BIT      00D2H  1
RCAP2L . . . . . . . . . . . . . . . .  SFR      DATA   U_CHAR   00CAH  1
main . . . . . . . . . . . . . . . . .  PUBLIC   CODE   PROC     0000H  -----
  i. . . . . . . . . . . . . . . . . .  AUTO     DATA   U_CHAR   0000H  1
  j. . . . . . . . . . . . . . . . . .  AUTO     DATA   U_CHAR   0001H  1
  n. . . . . . . . . . . . . . . . . .  AUTO     DATA   U_INT    0002H  2
C_T2 . . . . . . . . . . . . . . . . .  ABSBIT   -----  BIT      00C9H  1
WR . . . . . . . . . . . . . . . . . .  ABSBIT   -----  BIT      00B6H  1
RCLK . . . . . . . . . . . . . . . . .  ABSBIT   -----  BIT      00CDH  1
TCLK . . . . . . . . . . . . . . . . .  ABSBIT   -----  BIT      00CCH  1
SBUF . . . . . . . . . . . . . . . . .  SFR      DATA   U_CHAR   0099H  1
PCON . . . . . . . . . . . . . . . . .  SFR      DATA   U_CHAR   0087H  1
SCON . . . . . . . . . . . . . . . . .  SFR      DATA   U_CHAR   0098H  1
_Delay10ms . . . . . . . . . . . . . .  PUBLIC   CODE   PROC     0000H  -----
  c. . . . . . . . . . . . . . . . . .  * REG *  DATA   U_INT    0006H  2
  a. . . . . . . . . . . . . . . . . .  * REG *  DATA   U_CHAR   0004H  1
  b. . . . . . . . . . . . . . . . . .  * REG *  DATA   U_CHAR   0005H  1
TMOD . . . . . . . . . . . . . . . . .  SFR      DATA   U_CHAR   0089H  1
TCON . . . . . . . . . . . . . . . . .  SFR      DATA   U_CHAR   0088H  1
_LcdSt7565_WriteCmd. . . . . . . . . .  EXTERN   CODE   PROC     -----  -----
pic. . . . . . . . . . . . . . . . . .  PUBLIC   CODE   ARRAY    0032H  1024
IE0. . . . . . . . . . . . . . . . . .  ABSBIT   -----  BIT      0089H  1
IE1. . . . . . . . . . . . . . . . . .  ABSBIT   -----  BIT      008BH  1
B. . . . . . . . . . . . . . . . . . .  SFR      DATA   U_CHAR   00F0H  1
_Lcd12864_Write16CnCHAR. . . . . . . .  EXTERN   CODE   PROC     -----  -----
CP_RL2 . . . . . . . . . . . . . . . .  ABSBIT   -----  BIT      00C8H  1
ACC. . . . . . . . . . . . . . . . . .  SFR      DATA   U_CHAR   00E0H  1
ET0. . . . . . . . . . . . . . . . . .  ABSBIT   -----  BIT      00A9H  1
Lcd12864_ClearScreen . . . . . . . . .  EXTERN   CODE   PROC     -----  -----
ET1. . . . . . . . . . . . . . . . . .  ABSBIT   -----  BIT      00ABH  1
TF0. . . . . . . . . . . . . . . . . .  ABSBIT   -----  BIT      008DH  1
ET2. . . . . . . . . . . . . . . . . .  ABSBIT   -----  BIT      00ADH  1
C51 COMPILER V9.60.0.0   MAIN                                                              04/21/2021 21:32:20 PAGE 9   

NAME                                    CLASS   MSPACE  TYPE    OFFSET  SIZE
====                                    =====   ======  ====    ======  ====


TF1. . . . . . . . . . . . . . . . . .  ABSBIT   -----  BIT      008FH  1
TF2. . . . . . . . . . . . . . . . . .  ABSBIT   -----  BIT      00CFH  1
RB8. . . . . . . . . . . . . . . . . .  ABSBIT   -----  BIT      009AH  1
TH0. . . . . . . . . . . . . . . . . .  SFR      DATA   U_CHAR   008CH  1
EX0. . . . . . . . . . . . . . . . . .  ABSBIT   -----  BIT      00A8H  1
IT0. . . . . . . . . . . . . . . . . .  ABSBIT   -----  BIT      0088H  1
TH1. . . . . . . . . . . . . . . . . .  SFR      DATA   U_CHAR   008DH  1
TB8. . . . . . . . . . . . . . . . . .  ABSBIT   -----  BIT      009BH  1
EX1. . . . . . . . . . . . . . . . . .  ABSBIT   -----  BIT      00AAH  1
IT1. . . . . . . . . . . . . . . . . .  ABSBIT   -----  BIT      008AH  1
TH2. . . . . . . . . . . . . . . . . .  SFR      DATA   U_CHAR   00CDH  1
P. . . . . . . . . . . . . . . . . . .  ABSBIT   -----  BIT      00D0H  1
SM0. . . . . . . . . . . . . . . . . .  ABSBIT   -----  BIT      009FH  1
TL0. . . . . . . . . . . . . . . . . .  SFR      DATA   U_CHAR   008AH  1
LCD12864_RD. . . . . . . . . . . . . .  ABSBIT   -----  BIT      00A5H  1
LCD12864_CS. . . . . . . . . . . . . .  ABSBIT   -----  BIT      00B2H  1
SM1. . . . . . . . . . . . . . . . . .  ABSBIT   -----  BIT      009EH  1
TL1. . . . . . . . . . . . . . . . . .  SFR      DATA   U_CHAR   008BH  1
SM2. . . . . . . . . . . . . . . . . .  ABSBIT   -----  BIT      009DH  1
TL2. . . . . . . . . . . . . . . . . .  SFR      DATA   U_CHAR   00CCH  1
PT0. . . . . . . . . . . . . . . . . .  ABSBIT   -----  BIT      00B9H  1
PT1. . . . . . . . . . . . . . . . . .  ABSBIT   -----  BIT      00BBH  1
RS0. . . . . . . . . . . . . . . . . .  ABSBIT   -----  BIT      00D3H  1
PT2. . . . . . . . . . . . . . . . . .  ABSBIT   -----  BIT      00BDH  1
TR0. . . . . . . . . . . . . . . . . .  ABSBIT   -----  BIT      008CH  1
RS1. . . . . . . . . . . . . . . . . .  ABSBIT   -----  BIT      00D4H  1
TR1. . . . . . . . . . . . . . . . . .  ABSBIT   -----  BIT      008EH  1
TR2. . . . . . . . . . . . . . . . . .  ABSBIT   -----  BIT      00CAH  1
PX0. . . . . . . . . . . . . . . . . .  ABSBIT   -----  BIT      00B8H  1
PX1. . . . . . . . . . . . . . . . . .  ABSBIT   -----  BIT      00BAH  1
DPH. . . . . . . . . . . . . . . . . .  SFR      DATA   U_CHAR   0083H  1
LCD12864_RS. . . . . . . . . . . . . .  ABSBIT   -----  BIT      00A6H  1
DPL. . . . . . . . . . . . . . . . . .  SFR      DATA   U_CHAR   0082H  1
EXEN2. . . . . . . . . . . . . . . . .  ABSBIT   -----  BIT      00CBH  1
LCD12864_WR. . . . . . . . . . . . . .  ABSBIT   -----  BIT      00A7H  1
REN. . . . . . . . . . . . . . . . . .  ABSBIT   -----  BIT      009CH  1
T2CON. . . . . . . . . . . . . . . . .  SFR      DATA   U_CHAR   00C8H  1
RXD. . . . . . . . . . . . . . . . . .  ABSBIT   -----  BIT      00B0H  1
TXD. . . . . . . . . . . . . . . . . .  ABSBIT   -----  BIT      00B1H  1
F0 . . . . . . . . . . . . . . . . . .  ABSBIT   -----  BIT      00D5H  1
LCD12864_RSET. . . . . . . . . . . . .  ABSBIT   -----  BIT      00B3H  1
PSW. . . . . . . . . . . . . . . . . .  SFR      DATA   U_CHAR   00D0H  1


MODULE INFORMATION:   STATIC OVERLAYABLE
   CODE SIZE        =    345    ----
   CONSTANT SIZE    =   1074    ----
   XDATA SIZE       =   ----    ----
   PDATA SIZE       =   ----    ----
   DATA SIZE        =   ----       4
   IDATA SIZE       =   ----    ----
   BIT SIZE         =   ----    ----
   EDATA SIZE       =   ----    ----
   HDATA SIZE       =   ----    ----
   XDATA CONST SIZE =   ----    ----
   FAR CONST SIZE   =   ----    ----
END OF MODULE INFORMATION.


C51 COMPILATION COMPLETE.  0 WARNING(S),  0 ERROR(S)
