C51 COMPILER V9.60.0.0   MAIN                                                              03/07/2021 00:52:22 PAGE 1   


C51 COMPILER V9.60.0.0, COMPILATION OF MODULE MAIN
OBJECT MODULE PLACED IN main.OBJ
COMPILER INVOKED BY: C:\Keil_v5\C51\BIN\C51.exe main.c

line level    source

   1          #include <REG52.H>
   2          #include <INTRINS.H>
   3          
   4          typedef unsigned char u8;
   5          typedef unsigned int u16;
   6          
   7          #define LED P0
   8          
   9          void Delay500ms() //@11.973MHz
  10          {
  11   1          unsigned char i, j, k;
  12   1      
  13   1          i = 23;
  14   1          j = 192;
  15   1          k = 86;
  16   1          do
  17   1          {
  18   2              do
  19   2              {
  20   3                  while (--k)
  21   3                      ;
  22   3              } while (--j);
  23   2          } while (--i);
  24   1      }
  25          
  26          void delay(u16 i)
  27          {
  28   1              i = 50000;
  29   1              while (i--)
  30   1              {
  31   2                      /* code */
  32   2              }
  33   1              
  34   1      }
  35          
  36          void main()
  37          {
  38   1              u8 i;
  39   1              LED = 0x01; //0000 0001
  40   1              delay();
*** WARNING C209 IN LINE 40 OF main.c: '_delay': too few actual parameters
  41   1              while (1)
  42   1              {
  43   2                      //for ( i = 0; i < 8; i++)
  44   2                      //{
  45   2                      //    LED=(0x01<<i);//0x01
  46   2                      //    Delay500ms();
  47   2                      //}
  48   2                      for (i = 0; i < 7; i++)
  49   2                      {
  50   3                              LED = _crol_(LED, 1); //0000 0010
  51   3                              delay();                      //0000 0100
*** WARNING C209 IN LINE 51 OF main.c: '_delay': too few actual parameters
  52   3                      }                                                 //1000 0000
  53   2      
C51 COMPILER V9.60.0.0   MAIN                                                              03/07/2021 00:52:22 PAGE 2   

  54   2                      for (i = 0; i < 7; i++)
  55   2                      {
  56   3                              LED = _cror_(LED, 1); //0100 0000
  57   3                              delay();                      //0010 0000
*** WARNING C209 IN LINE 57 OF main.c: '_delay': too few actual parameters
  58   3                      }                                                 //0000 0001
  59   2              }
  60   1      }


MODULE INFORMATION:   STATIC OVERLAYABLE
   CODE SIZE        =     96    ----
   CONSTANT SIZE    =   ----    ----
   XDATA SIZE       =   ----    ----
   PDATA SIZE       =   ----    ----
   DATA SIZE        =   ----    ----
   IDATA SIZE       =   ----    ----
   BIT SIZE         =   ----    ----
END OF MODULE INFORMATION.


C51 COMPILATION COMPLETE.  3 WARNING(S),  0 ERROR(S)
