[2021-04-17 23:16:25]	[done]
	build successfully !

[2021-04-17 23:51:32]	compilation failed at : "d:\study\C51\c51_prg\LCD1602\src\LCD1602.c", exit code: 2
   在 unify_builder.Program.Main(String[] args)

[2021-04-17 23:52:13]	compilation failed at : "d:\study\C51\c51_prg\LCD1602\src\LCD1602.c", exit code: 2
   在 unify_builder.Program.Main(String[] args)

[2021-04-17 23:52:38]	compilation failed at : "d:\study\C51\c51_prg\LCD1602\src\main.c", exit code: 2
   在 unify_builder.Program.Main(String[] args)

[2021-04-17 23:53:27]	[done]
	build successfully !

[2021-04-17 23:59:17]	[done]
	build successfully !

[2021-04-17 23:59:51]	[done]
	build successfully !

[2021-04-18 00:01:01]	[done]
	build successfully !

[2021-04-18 00:03:56]	[done]
	build successfully !

[2021-04-18 00:05:01]	[done]
	build successfully !

[2021-04-18 00:05:27]	[done]
	build successfully !

[2021-04-18 00:05:36]	[done]
	build successfully !

[2021-04-18 00:05:59]	[done]
	build successfully !

[2021-04-18 00:15:19]	[done]
	build successfully !

[2021-04-18 00:16:57]	[done]
	build successfully !

[2021-04-18 00:17:33]	[done]
	build successfully !

[2021-04-18 00:17:43]	[done]
	build successfully !

[2021-04-18 00:18:19]	[done]
	build successfully !

[2021-04-18 00:23:44]	[done]
	build successfully !

[2021-04-18 00:24:15]	[done]
	build successfully !

[2021-04-18 00:27:39]	[done]
	build successfully !

[2021-04-18 00:31:01]	[done]
	build successfully !

