C51 COMPILER V9.01   MAIN                                                                  05/25/2021 01:32:54 PAGE 1   


C51 COMPILER V9.01, COMPILATION OF MODULE MAIN
OBJECT MODULE PLACED IN main.OBJ
COMPILER INVOKED BY: e:\Keil_v5\C51\BIN\C51.EXE main.c BROWSE DEBUG OBJECTEXTEND

line level    source

   1          #include "reg51.h"
   2          
   3          sbit P0_0 = P0^0;
   4          
   5          void delay(void)
   6          {
   7   1              unsigned char x,y,z;
   8   1              for(x=0;x<250;x++)
   9   1              {
  10   2                      for(y=0;y<250;y++)
  11   2                      {
  12   3                              for(z=0;z<10;z++);
  13   3                      }
  14   2              }
  15   1      }
  16          
  17          
  18          void main(void)
  19          {
  20   1              while(1)
  21   1              {
  22   2                      P0_0 = 1;
  23   2                      delay();
  24   2                      P0_0 = 0;
  25   2                      delay();
  26   2              }
  27   1      
  28   1      }


MODULE INFORMATION:   STATIC OVERLAYABLE
   CODE SIZE        =     31    ----
   CONSTANT SIZE    =   ----    ----
   XDATA SIZE       =   ----    ----
   PDATA SIZE       =   ----    ----
   DATA SIZE        =   ----    ----
   IDATA SIZE       =   ----    ----
   BIT SIZE         =   ----    ----
END OF MODULE INFORMATION.


C51 COMPILATION COMPLETE.  0 WARNING(S),  0 ERROR(S)
