C51 COMPILER V9.60.0.0   MAIN                                                              03/07/2021 01:39:05 PAGE 1   


C51 COMPILER V9.60.0.0, COMPILATION OF MODULE MAIN
OBJECT MODULE PLACED IN main.OBJ
COMPILER INVOKED BY: C:\Keil_v5\C51\BIN\C51.exe main.c

line level    source

   1          #include <REG52.H>
   2          #include <INTRINS.H>
   3          
   4          typedef unsigned char u8;
   5          typedef unsigned int u16;
   6          
   7          //#define LED P0
   8          
   9          sbit buzzer = P1 ^ 5;
  10          
  11          void delay(u16 i)//10us
  12          {
  13   1          while (i--)
  14   1              ;
  15   1      }
  16          
  17          void main()
  18          {
  19   1          buzzer = 1;
  20   1          while (1)
  21   1          {
  22   2              buzzer = ~buzzer;//方波
  23   2              delay(20);//f=10KHz T=100us TH=50us,200us,5KHz
  24   2          }
  25   1      }


MODULE INFORMATION:   STATIC OVERLAYABLE
   CODE SIZE        =     24    ----
   CONSTANT SIZE    =   ----    ----
   XDATA SIZE       =   ----    ----
   PDATA SIZE       =   ----    ----
   DATA SIZE        =   ----    ----
   IDATA SIZE       =   ----    ----
   BIT SIZE         =   ----    ----
END OF MODULE INFORMATION.


C51 COMPILATION COMPLETE.  0 WARNING(S),  0 ERROR(S)
