C51 COMPILER V9.60.0.0   MAIN                                                              04/17/2021 02:21:21 PAGE 1   


C51 COMPILER V9.60.0.0, COMPILATION OF MODULE MAIN
OBJECT MODULE PLACED IN .\build\Debug\main.o
COMPILER INVOKED BY: C:\Keil_v5\C51\BIN\C51.exe .\SRC\MAIN.C PRINT(.\build\Debug\main.lst) OMF2 TABS(4) CODE NOCOND SYMB
                    -OLS OPTIMIZE(8,SPEED) SMALL ROM(LARGE) INCDIR(C:\Keil_v5\C51\INC;.\src) DEFINE(__UVISION_VERSION=526) OBJECT(.\build\Deb
                    -ug\main.o)

line level    source

   1          
   2          #include "reg52.h"
   3          #include "XPT2046.h"
   4          
   5          typedef unsigned char u8;
   6          typedef unsigned int u16;
   7          
   8          //dynamic 8-seg LED display BIT select
   9          sbit LSA = P2 ^ 2;
  10          sbit LSB = P2 ^ 3;
  11          sbit LSC = P2 ^ 4;
  12          
  13          #define GPIO_SEGCODE P0 //dynamic 8-seg LED display DECODE select GPIO
  14          
  15          u8 code NsegCode[16] = 
  16          // '0'  '1'   '2'   '3'   '4'   '5'   '6'   '7'   '8'   '9'
  17           {0x3f, 0x06, 0x5b, 0x4f, 0x66, 0x6d, 0x7d, 0x07, 0x7f, 0x6f,
  18          // 'A'  'b'   'C'   'd'   'E'   'F'
  19            0x77, 0x7c, 0x39, 0x5e, 0x79, 0x71};
  20          
  21          
  22          u8 SegDisplayData[8]={0};
  23          
  24          void delay(u16 i)
  25          {
  26   1          while (i--);
  27   1      }
  28          
  29          void DigDisplay()
  30          {
  31   1          u8 i;
  32   1          for (i = 0; i < 8; i++)
  33   1          {
  34   2              switch (i)
  35   2              {
  36   3              case (0):{LSA = 0;LSB = 0;LSC = 0;}break;
  37   3              case (1):{LSA = 1;LSB = 0;LSC = 0;}break;
  38   3              case (2):{LSA = 0;LSB = 1;LSC = 0;}break;
  39   3              case (3):{LSA = 1;LSB = 1;LSC = 0;}break;
  40   3              case (4):{LSA = 0;LSB = 0;LSC = 1;}break;
  41   3              case (5):{LSA = 1;LSB = 0;LSC = 1;}break;
  42   3              case (6):{LSA = 0;LSB = 1;LSC = 1;}break;
  43   3              case (7):{LSA = 1;LSB = 1;LSC = 1;}break;
  44   3              default:break;
  45   3              }
  46   2              GPIO_SEGCODE = SegDisplayData[i];
  47   2              delay(100); //delay 1ms
  48   2              GPIO_SEGCODE = 0X00;  //clear
  49   2          }
  50   1      }
  51          
  52          void datapros()
  53          {
C51 COMPILER V9.60.0.0   MAIN                                                              04/17/2021 02:21:21 PAGE 2   

  54   1          u16 temp;
  55   1          static u8 i;
  56   1          if (i==50)
  57   1          {
  58   2              i=0;
  59   2              temp = Read_AD_Data(0x94);
  60   2              //AINO0:0x94/0xb4 adj-resistance
  61   2              //AIN1:0XD4 NTC
  62   2              //AIN2:0XA4 GR
  63   2              //AIN3:0XE4 EXT_INPUT
  64   2          }
  65   1          i++;
  66   1          
  67   1          SegDisplayData[0]=NsegCode[temp/1000];
  68   1          SegDisplayData[1]=NsegCode[temp%1000/100];
  69   1          SegDisplayData[2]=NsegCode[temp%100/10];
  70   1          SegDisplayData[3]=NsegCode[temp%10];
  71   1          // SegDisplayData[4]=0x00;
  72   1          // SegDisplayData[5]=0x00;
  73   1          // SegDisplayData[6]=0x00;
  74   1          // SegDisplayData[7]=0x00;
  75   1      }
  76          
  77          void main()
  78          {
  79   1          while (1)
  80   1          {
  81   2              datapros();
  82   2              DigDisplay();
  83   2          }
  84   1      }
C51 COMPILER V9.60.0.0   MAIN                                                              04/17/2021 02:21:21 PAGE 3   

ASSEMBLY LISTING OF GENERATED OBJECT CODE


             ; FUNCTION _delay (BEGIN)
                                           ; SOURCE LINE # 24
;---- Variable 'i' assigned to Register 'R6/R7' ----
                                           ; SOURCE LINE # 25
0000         ?C0001:
                                           ; SOURCE LINE # 26
0000 EF                MOV     A,R7
0001 1F                DEC     R7
0002 AC06              MOV     R4,AR6
0004 7001              JNZ     ?C0023
0006 1E                DEC     R6
0007         ?C0023:
0007 4C                ORL     A,R4
0008 70F6              JNZ     ?C0001
                                           ; SOURCE LINE # 27
000A 22                RET     
             ; FUNCTION _delay (END)

             ; FUNCTION DigDisplay (BEGIN)
                                           ; SOURCE LINE # 29
                                           ; SOURCE LINE # 30
                                           ; SOURCE LINE # 32
;---- Variable 'i' assigned to Register 'R5' ----
0000 E4                CLR     A
0001 FD                MOV     R5,A
0002         ?C0004:
0002 ED                MOV     A,R5
0003 C3                CLR     C
0004 9408              SUBB    A,#08H
0006 7480              MOV     A,#080H
0008 9480              SUBB    A,#080H
000A 5067              JNC     ?C0017
                                           ; SOURCE LINE # 33
                                           ; SOURCE LINE # 34
000C ED                MOV     A,R5
000D B40800            CJNE    A,#08H,?C0024
0010         ?C0024:
0010 504D              JNC     ?C0007
0012 900000      R     MOV     DPTR,#?C0025
0015 F8                MOV     R0,A
0016 28                ADD     A,R0
0017 28                ADD     A,R0
0018 73                JMP     @A+DPTR
0019         ?C0025:
0019 020000      R     LJMP    ?C0008
001C 020000      R     LJMP    ?C0009
001F 020000      R     LJMP    ?C0010
0022 020000      R     LJMP    ?C0011
0025 020000      R     LJMP    ?C0012
0028 020000      R     LJMP    ?C0013
002B 020000      R     LJMP    ?C0014
002E 020000      R     LJMP    ?C0015
                                           ; SOURCE LINE # 35
                                           ; SOURCE LINE # 36
0031         ?C0008:
0031 C2A2              CLR     LSA
0033 8002              SJMP    ?C0026
                                           ; SOURCE LINE # 37
0035         ?C0009:
C51 COMPILER V9.60.0.0   MAIN                                                              04/17/2021 02:21:21 PAGE 4   

0035 D2A2              SETB    LSA
0037         ?C0026:
0037 C2A3              CLR     LSB
0039 C2A4              CLR     LSC
003B 8022              SJMP    ?C0007
                                           ; SOURCE LINE # 38
003D         ?C0010:
003D C2A2              CLR     LSA
003F 8002              SJMP    ?C0027
                                           ; SOURCE LINE # 39
0041         ?C0011:
0041 D2A2              SETB    LSA
0043         ?C0027:
0043 D2A3              SETB    LSB
0045 C2A4              CLR     LSC
0047 8016              SJMP    ?C0007
                                           ; SOURCE LINE # 40
0049         ?C0012:
0049 C2A2              CLR     LSA
004B 8002              SJMP    ?C0028
                                           ; SOURCE LINE # 41
004D         ?C0013:
004D D2A2              SETB    LSA
004F         ?C0028:
004F C2A3              CLR     LSB
0051 D2A4              SETB    LSC
0053 800A              SJMP    ?C0007
                                           ; SOURCE LINE # 42
0055         ?C0014:
0055 C2A2              CLR     LSA
0057 8002              SJMP    ?C0029
                                           ; SOURCE LINE # 43
0059         ?C0015:
0059 D2A2              SETB    LSA
005B         ?C0029:
005B D2A3              SETB    LSB
005D D2A4              SETB    LSC
                                           ; SOURCE LINE # 44
                                           ; SOURCE LINE # 45
005F         ?C0007:
                                           ; SOURCE LINE # 46
005F 7400        R     MOV     A,#LOW SegDisplayData
0061 2D                ADD     A,R5
0062 F8                MOV     R0,A
0063 E6                MOV     A,@R0
0064 F580              MOV     P0,A
                                           ; SOURCE LINE # 47
0066 7F64              MOV     R7,#064H
0068 7E00              MOV     R6,#00H
006A 120000      R     LCALL   _delay
                                           ; SOURCE LINE # 48
006D E4                CLR     A
006E F580              MOV     P0,A
                                           ; SOURCE LINE # 49
0070 0D                INC     R5
0071 808F              SJMP    ?C0004
                                           ; SOURCE LINE # 50
0073         ?C0017:
0073 22                RET     
             ; FUNCTION DigDisplay (END)

             ; FUNCTION datapros (BEGIN)
C51 COMPILER V9.60.0.0   MAIN                                                              04/17/2021 02:21:21 PAGE 5   

                                           ; SOURCE LINE # 52
                                           ; SOURCE LINE # 53
                                           ; SOURCE LINE # 56
0000 E500        R     MOV     A,i
0002 6432              XRL     A,#032H
0004 700B              JNZ     ?C0018
                                           ; SOURCE LINE # 57
                                           ; SOURCE LINE # 58
0006 F500        R     MOV     i,A
                                           ; SOURCE LINE # 59
0008 7F94              MOV     R7,#094H
000A 120000      E     LCALL   _Read_AD_Data
000D 8E00        R     MOV     temp,R6
000F 8F00        R     MOV     temp+01H,R7
                                           ; SOURCE LINE # 64
0011         ?C0018:
                                           ; SOURCE LINE # 65
0011 0500        R     INC     i
                                           ; SOURCE LINE # 67
0013 AE00        R     MOV     R6,temp
0015 AF00        R     MOV     R7,temp+01H
0017 7C03              MOV     R4,#03H
0019 7DE8              MOV     R5,#0E8H
001B 120000      E     LCALL   ?C?UIDIV
001E 7400        R     MOV     A,#LOW NsegCode
0020 2F                ADD     A,R7
0021 F582              MOV     DPL,A
0023 7400        R     MOV     A,#HIGH NsegCode
0025 3E                ADDC    A,R6
0026 F583              MOV     DPH,A
0028 E4                CLR     A
0029 93                MOVC    A,@A+DPTR
002A F500        R     MOV     SegDisplayData,A
                                           ; SOURCE LINE # 68
002C AE00        R     MOV     R6,temp
002E AF00        R     MOV     R7,temp+01H
0030 7C03              MOV     R4,#03H
0032 7DE8              MOV     R5,#0E8H
0034 120000      E     LCALL   ?C?UIDIV
0037 7E00              MOV     R6,#00H
0039 7F64              MOV     R7,#064H
003B CF                XCH     A,R7
003C CD                XCH     A,R5
003D CF                XCH     A,R7
003E CE                XCH     A,R6
003F CC                XCH     A,R4
0040 CE                XCH     A,R6
0041 120000      E     LCALL   ?C?UIDIV
0044 7400        R     MOV     A,#LOW NsegCode
0046 2F                ADD     A,R7
0047 F582              MOV     DPL,A
0049 7400        R     MOV     A,#HIGH NsegCode
004B 3E                ADDC    A,R6
004C F583              MOV     DPH,A
004E E4                CLR     A
004F 93                MOVC    A,@A+DPTR
0050 F500        R     MOV     SegDisplayData+01H,A
                                           ; SOURCE LINE # 69
0052 AE00        R     MOV     R6,temp
0054 AF00        R     MOV     R7,temp+01H
0056 7C00              MOV     R4,#00H
0058 7D64              MOV     R5,#064H
C51 COMPILER V9.60.0.0   MAIN                                                              04/17/2021 02:21:21 PAGE 6   

005A 120000      E     LCALL   ?C?UIDIV
005D 7E00              MOV     R6,#00H
005F 7F0A              MOV     R7,#0AH
0061 CF                XCH     A,R7
0062 CD                XCH     A,R5
0063 CF                XCH     A,R7
0064 CE                XCH     A,R6
0065 CC                XCH     A,R4
0066 CE                XCH     A,R6
0067 120000      E     LCALL   ?C?UIDIV
006A 7400        R     MOV     A,#LOW NsegCode
006C 2F                ADD     A,R7
006D F582              MOV     DPL,A
006F 7400        R     MOV     A,#HIGH NsegCode
0071 3E                ADDC    A,R6
0072 F583              MOV     DPH,A
0074 E4                CLR     A
0075 93                MOVC    A,@A+DPTR
0076 F500        R     MOV     SegDisplayData+02H,A
                                           ; SOURCE LINE # 70
0078 AE00        R     MOV     R6,temp
007A AF00        R     MOV     R7,temp+01H
007C 7C00              MOV     R4,#00H
007E 7D0A              MOV     R5,#0AH
0080 120000      E     LCALL   ?C?UIDIV
0083 7400        R     MOV     A,#LOW NsegCode
0085 2D                ADD     A,R5
0086 F582              MOV     DPL,A
0088 7400        R     MOV     A,#HIGH NsegCode
008A 3C                ADDC    A,R4
008B F583              MOV     DPH,A
008D E4                CLR     A
008E 93                MOVC    A,@A+DPTR
008F F500        R     MOV     SegDisplayData+03H,A
                                           ; SOURCE LINE # 75
0091 22                RET     
             ; FUNCTION datapros (END)

             ; FUNCTION main (BEGIN)
                                           ; SOURCE LINE # 77
                                           ; SOURCE LINE # 78
0000         ?C0020:
                                           ; SOURCE LINE # 79
                                           ; SOURCE LINE # 80
                                           ; SOURCE LINE # 81
0000 120000      R     LCALL   datapros
                                           ; SOURCE LINE # 82
0003 120000      R     LCALL   DigDisplay
                                           ; SOURCE LINE # 83
0006 80F8              SJMP    ?C0020
             ; FUNCTION main (END)

C51 COMPILER V9.60.0.0   MAIN                                                              04/17/2021 02:21:21 PAGE 7   

NAME                                    CLASS   MSPACE  TYPE    OFFSET  SIZE
====                                    =====   ======  ====    ======  ====


P0 . . . . . . . . . . . . . . . . . .  SFR      DATA   U_CHAR   0080H  1
P1 . . . . . . . . . . . . . . . . . .  SFR      DATA   U_CHAR   0090H  1
P2 . . . . . . . . . . . . . . . . . .  SFR      DATA   U_CHAR   00A0H  1
P3 . . . . . . . . . . . . . . . . . .  SFR      DATA   U_CHAR   00B0H  1
T0 . . . . . . . . . . . . . . . . . .  ABSBIT   -----  BIT      00B4H  1
AC . . . . . . . . . . . . . . . . . .  ABSBIT   -----  BIT      00D6H  1
T1 . . . . . . . . . . . . . . . . . .  ABSBIT   -----  BIT      00B5H  1
T2 . . . . . . . . . . . . . . . . . .  ABSBIT   -----  BIT      0090H  1
EA . . . . . . . . . . . . . . . . . .  ABSBIT   -----  BIT      00AFH  1
NsegCode . . . . . . . . . . . . . . .  PUBLIC   CODE   ARRAY    0000H  16
IE . . . . . . . . . . . . . . . . . .  SFR      DATA   U_CHAR   00A8H  1
_delay . . . . . . . . . . . . . . . .  PUBLIC   CODE   PROC     0000H  -----
  i. . . . . . . . . . . . . . . . . .  * REG *  DATA   U_INT    0006H  2
CS . . . . . . . . . . . . . . . . . .  ABSBIT   -----  BIT      00B5H  1
EXF2 . . . . . . . . . . . . . . . . .  ABSBIT   -----  BIT      00CEH  1
RD . . . . . . . . . . . . . . . . . .  ABSBIT   -----  BIT      00B7H  1
ES . . . . . . . . . . . . . . . . . .  ABSBIT   -----  BIT      00ACH  1
IP . . . . . . . . . . . . . . . . . .  SFR      DATA   U_CHAR   00B8H  1
RI . . . . . . . . . . . . . . . . . .  ABSBIT   -----  BIT      0098H  1
INT0 . . . . . . . . . . . . . . . . .  ABSBIT   -----  BIT      00B2H  1
CY . . . . . . . . . . . . . . . . . .  ABSBIT   -----  BIT      00D7H  1
TI . . . . . . . . . . . . . . . . . .  ABSBIT   -----  BIT      0099H  1
INT1 . . . . . . . . . . . . . . . . .  ABSBIT   -----  BIT      00B3H  1
RCAP2H . . . . . . . . . . . . . . . .  SFR      DATA   U_CHAR   00CBH  1
PS . . . . . . . . . . . . . . . . . .  ABSBIT   -----  BIT      00BCH  1
SP . . . . . . . . . . . . . . . . . .  SFR      DATA   U_CHAR   0081H  1
T2EX . . . . . . . . . . . . . . . . .  ABSBIT   -----  BIT      0091H  1
OV . . . . . . . . . . . . . . . . . .  ABSBIT   -----  BIT      00D2H  1
RCAP2L . . . . . . . . . . . . . . . .  SFR      DATA   U_CHAR   00CAH  1
main . . . . . . . . . . . . . . . . .  PUBLIC   CODE   PROC     0000H  -----
C_T2 . . . . . . . . . . . . . . . . .  ABSBIT   -----  BIT      00C9H  1
WR . . . . . . . . . . . . . . . . . .  ABSBIT   -----  BIT      00B6H  1
u8 . . . . . . . . . . . . . . . . . .  TYPEDEF  -----  U_CHAR   -----  1
RCLK . . . . . . . . . . . . . . . . .  ABSBIT   -----  BIT      00CDH  1
TCLK . . . . . . . . . . . . . . . . .  ABSBIT   -----  BIT      00CCH  1
SBUF . . . . . . . . . . . . . . . . .  SFR      DATA   U_CHAR   0099H  1
PCON . . . . . . . . . . . . . . . . .  SFR      DATA   U_CHAR   0087H  1
SCON . . . . . . . . . . . . . . . . .  SFR      DATA   U_CHAR   0098H  1
TMOD . . . . . . . . . . . . . . . . .  SFR      DATA   U_CHAR   0089H  1
TCON . . . . . . . . . . . . . . . . .  SFR      DATA   U_CHAR   0088H  1
DOUT . . . . . . . . . . . . . . . . .  ABSBIT   -----  BIT      00B7H  1
IE0. . . . . . . . . . . . . . . . . .  ABSBIT   -----  BIT      0089H  1
IE1. . . . . . . . . . . . . . . . . .  ABSBIT   -----  BIT      008BH  1
_Read_AD_Data. . . . . . . . . . . . .  EXTERN   CODE   PROC     -----  -----
B. . . . . . . . . . . . . . . . . . .  SFR      DATA   U_CHAR   00F0H  1
CP_RL2 . . . . . . . . . . . . . . . .  ABSBIT   -----  BIT      00C8H  1
ACC. . . . . . . . . . . . . . . . . .  SFR      DATA   U_CHAR   00E0H  1
ET0. . . . . . . . . . . . . . . . . .  ABSBIT   -----  BIT      00A9H  1
ET1. . . . . . . . . . . . . . . . . .  ABSBIT   -----  BIT      00ABH  1
TF0. . . . . . . . . . . . . . . . . .  ABSBIT   -----  BIT      008DH  1
ET2. . . . . . . . . . . . . . . . . .  ABSBIT   -----  BIT      00ADH  1
TF1. . . . . . . . . . . . . . . . . .  ABSBIT   -----  BIT      008FH  1
TF2. . . . . . . . . . . . . . . . . .  ABSBIT   -----  BIT      00CFH  1
RB8. . . . . . . . . . . . . . . . . .  ABSBIT   -----  BIT      009AH  1
TH0. . . . . . . . . . . . . . . . . .  SFR      DATA   U_CHAR   008CH  1
EX0. . . . . . . . . . . . . . . . . .  ABSBIT   -----  BIT      00A8H  1
IT0. . . . . . . . . . . . . . . . . .  ABSBIT   -----  BIT      0088H  1
C51 COMPILER V9.60.0.0   MAIN                                                              04/17/2021 02:21:21 PAGE 8   

NAME                                    CLASS   MSPACE  TYPE    OFFSET  SIZE
====                                    =====   ======  ====    ======  ====


TH1. . . . . . . . . . . . . . . . . .  SFR      DATA   U_CHAR   008DH  1
TB8. . . . . . . . . . . . . . . . . .  ABSBIT   -----  BIT      009BH  1
EX1. . . . . . . . . . . . . . . . . .  ABSBIT   -----  BIT      00AAH  1
IT1. . . . . . . . . . . . . . . . . .  ABSBIT   -----  BIT      008AH  1
TH2. . . . . . . . . . . . . . . . . .  SFR      DATA   U_CHAR   00CDH  1
P. . . . . . . . . . . . . . . . . . .  ABSBIT   -----  BIT      00D0H  1
SM0. . . . . . . . . . . . . . . . . .  ABSBIT   -----  BIT      009FH  1
TL0. . . . . . . . . . . . . . . . . .  SFR      DATA   U_CHAR   008AH  1
SM1. . . . . . . . . . . . . . . . . .  ABSBIT   -----  BIT      009EH  1
TL1. . . . . . . . . . . . . . . . . .  SFR      DATA   U_CHAR   008BH  1
SM2. . . . . . . . . . . . . . . . . .  ABSBIT   -----  BIT      009DH  1
TL2. . . . . . . . . . . . . . . . . .  SFR      DATA   U_CHAR   00CCH  1
PT0. . . . . . . . . . . . . . . . . .  ABSBIT   -----  BIT      00B9H  1
PT1. . . . . . . . . . . . . . . . . .  ABSBIT   -----  BIT      00BBH  1
RS0. . . . . . . . . . . . . . . . . .  ABSBIT   -----  BIT      00D3H  1
PT2. . . . . . . . . . . . . . . . . .  ABSBIT   -----  BIT      00BDH  1
TR0. . . . . . . . . . . . . . . . . .  ABSBIT   -----  BIT      008CH  1
RS1. . . . . . . . . . . . . . . . . .  ABSBIT   -----  BIT      00D4H  1
TR1. . . . . . . . . . . . . . . . . .  ABSBIT   -----  BIT      008EH  1
TR2. . . . . . . . . . . . . . . . . .  ABSBIT   -----  BIT      00CAH  1
PX0. . . . . . . . . . . . . . . . . .  ABSBIT   -----  BIT      00B8H  1
PX1. . . . . . . . . . . . . . . . . .  ABSBIT   -----  BIT      00BAH  1
CLK. . . . . . . . . . . . . . . . . .  ABSBIT   -----  BIT      00B6H  1
DIN. . . . . . . . . . . . . . . . . .  ABSBIT   -----  BIT      00B4H  1
u16. . . . . . . . . . . . . . . . . .  TYPEDEF  -----  U_INT    -----  2
DPH. . . . . . . . . . . . . . . . . .  SFR      DATA   U_CHAR   0083H  1
LSA. . . . . . . . . . . . . . . . . .  ABSBIT   -----  BIT      00A2H  1
DPL. . . . . . . . . . . . . . . . . .  SFR      DATA   U_CHAR   0082H  1
LSB. . . . . . . . . . . . . . . . . .  ABSBIT   -----  BIT      00A3H  1
LSC. . . . . . . . . . . . . . . . . .  ABSBIT   -----  BIT      00A4H  1
datapros . . . . . . . . . . . . . . .  PUBLIC   CODE   PROC     0000H  -----
  temp . . . . . . . . . . . . . . . .  AUTO     DATA   U_INT    0000H  2
  i. . . . . . . . . . . . . . . . . .  STATIC   DATA   U_CHAR   0000H  1
EXEN2. . . . . . . . . . . . . . . . .  ABSBIT   -----  BIT      00CBH  1
REN. . . . . . . . . . . . . . . . . .  ABSBIT   -----  BIT      009CH  1
T2CON. . . . . . . . . . . . . . . . .  SFR      DATA   U_CHAR   00C8H  1
RXD. . . . . . . . . . . . . . . . . .  ABSBIT   -----  BIT      00B0H  1
DigDisplay . . . . . . . . . . . . . .  PUBLIC   CODE   PROC     0000H  -----
  i. . . . . . . . . . . . . . . . . .  * REG *  DATA   U_CHAR   0005H  1
TXD. . . . . . . . . . . . . . . . . .  ABSBIT   -----  BIT      00B1H  1
F0 . . . . . . . . . . . . . . . . . .  ABSBIT   -----  BIT      00D5H  1
SegDisplayData . . . . . . . . . . . .  PUBLIC   DATA   ARRAY    0001H  8
PSW. . . . . . . . . . . . . . . . . .  SFR      DATA   U_CHAR   00D0H  1


MODULE INFORMATION:   STATIC OVERLAYABLE
   CODE SIZE        =    281    ----
   CONSTANT SIZE    =     16    ----
   XDATA SIZE       =   ----    ----
   PDATA SIZE       =   ----    ----
   DATA SIZE        =      9       2
   IDATA SIZE       =   ----    ----
   BIT SIZE         =   ----    ----
   EDATA SIZE       =   ----    ----
   HDATA SIZE       =   ----    ----
   XDATA CONST SIZE =   ----    ----
   FAR CONST SIZE   =   ----    ----
END OF MODULE INFORMATION.

C51 COMPILER V9.60.0.0   MAIN                                                              04/17/2021 02:21:21 PAGE 9   


C51 COMPILATION COMPLETE.  0 WARNING(S),  0 ERROR(S)
