C51 COMPILER V9.60.0.0   XPT2046                                                           04/17/2021 02:11:54 PAGE 1   


C51 COMPILER V9.60.0.0, COMPILATION OF MODULE XPT2046
OBJECT MODULE PLACED IN .\build\Debug\XPT2046.o
COMPILER INVOKED BY: C:\Keil_v5\C51\BIN\C51.exe .\SRC\XPT2046.C PRINT(.\build\Debug\XPT2046.lst) OMF2 TABS(4) CODE NOCON
                    -D SYMBOLS OPTIMIZE(8,SPEED) SMALL ROM(LARGE) INCDIR(C:\Keil_v5\C51\INC;.\src) DEFINE(__UVISION_VERSION=526) OBJECT(.\bui
                    -ld\Debug\XPT2046.o)

line level    source

   1          
   2          #include "XPT2046.h"
   3          
   4          void SPI_Write(uchar dat)
   5          {
   6   1          uchar i;
   7   1          CLK = 0;
   8   1          for(i=0;i<8;i++)
   9   1          {
  10   2              DIN = dat >> 7;
  11   2              dat <<=1;
  12   2              CLK = 0;
  13   2              _nop_();
  14   2              _nop_();
  15   2              CLK = 1;
  16   2              _nop_();
  17   2              _nop_();
  18   2          }
  19   1      }
  20          
  21          uint SPI_Read(void)
  22          {
  23   1          uint i,dat=0;
  24   1          CLK = 0;
  25   1          for ( i = 0; i < 12; i++)
  26   1          {
  27   2              dat <<= 1;
  28   2      
  29   2              CLK = 1;
  30   2              _nop_();
  31   2              _nop_();
  32   2              CLK = 0;
  33   2              _nop_();
  34   2              _nop_();
  35   2      
  36   2              dat |= DOUT;
  37   2          }
  38   1          return dat;
  39   1      }
  40          
  41          
  42          uint Read_AD_Data(uchar cmd)
  43          {
  44   1          uchar i;
  45   1          uint AD_Value;
  46   1          CLK = 0;
  47   1          CS = 0;
  48   1          SPI_Write(cmd);
  49   1          for(i=12;i>0;i--);
  50   1          CLK = 1;
  51   1          _nop_();
  52   1          _nop_();
  53   1          _nop_();
C51 COMPILER V9.60.0.0   XPT2046                                                           04/17/2021 02:11:54 PAGE 2   

  54   1          _nop_();
  55   1          CLK = 0;
  56   1          _nop_();
  57   1          _nop_();
  58   1          _nop_();
  59   1          _nop_();
  60   1          AD_Value = SPI_Read();
  61   1          CS = 1;
  62   1          return AD_Value;
  63   1      }
C51 COMPILER V9.60.0.0   XPT2046                                                           04/17/2021 02:11:54 PAGE 3   

ASSEMBLY LISTING OF GENERATED OBJECT CODE


             ; FUNCTION _SPI_Write (BEGIN)
                                           ; SOURCE LINE # 4
;---- Variable 'dat' assigned to Register 'R7' ----
                                           ; SOURCE LINE # 5
                                           ; SOURCE LINE # 7
0000 C2B6              CLR     CLK
                                           ; SOURCE LINE # 8
;---- Variable 'i' assigned to Register 'R6' ----
0002 E4                CLR     A
0003 FE                MOV     R6,A
0004         ?C0001:
0004 EE                MOV     A,R6
0005 C3                CLR     C
0006 9408              SUBB    A,#08H
0008 7480              MOV     A,#080H
000A 9480              SUBB    A,#080H
000C 501A              JNC     ?C0004
                                           ; SOURCE LINE # 9
                                           ; SOURCE LINE # 10
000E EF                MOV     A,R7
000F C4                SWAP    A
0010 13                RRC     A
0011 13                RRC     A
0012 13                RRC     A
0013 5401              ANL     A,#01H
0015 24FF              ADD     A,#0FFH
0017 92B4              MOV     DIN,C
                                           ; SOURCE LINE # 11
0019 EF                MOV     A,R7
001A 25E0              ADD     A,ACC
001C FF                MOV     R7,A
                                           ; SOURCE LINE # 12
001D C2B6              CLR     CLK
                                           ; SOURCE LINE # 13
001F 00                NOP     
                                           ; SOURCE LINE # 14
0020 00                NOP     
                                           ; SOURCE LINE # 15
0021 D2B6              SETB    CLK
                                           ; SOURCE LINE # 16
0023 00                NOP     
                                           ; SOURCE LINE # 17
0024 00                NOP     
                                           ; SOURCE LINE # 18
0025 0E                INC     R6
0026 80DC              SJMP    ?C0001
                                           ; SOURCE LINE # 19
0028         ?C0004:
0028 22                RET     
             ; FUNCTION _SPI_Write (END)

             ; FUNCTION SPI_Read (BEGIN)
                                           ; SOURCE LINE # 21
                                           ; SOURCE LINE # 22
                                           ; SOURCE LINE # 23
;---- Variable 'dat' assigned to Register 'R6/R7' ----
0000 E4                CLR     A
0001 FF                MOV     R7,A
0002 FE                MOV     R6,A
C51 COMPILER V9.60.0.0   XPT2046                                                           04/17/2021 02:11:54 PAGE 4   

                                           ; SOURCE LINE # 24
0003 C2B6              CLR     CLK
                                           ; SOURCE LINE # 25
;---- Variable 'i' assigned to Register 'R4/R5' ----
0005 FD                MOV     R5,A
0006 FC                MOV     R4,A
0007         ?C0005:
                                           ; SOURCE LINE # 26
                                           ; SOURCE LINE # 27
0007 EF                MOV     A,R7
0008 25E0              ADD     A,ACC
000A FF                MOV     R7,A
000B EE                MOV     A,R6
000C 33                RLC     A
000D FE                MOV     R6,A
                                           ; SOURCE LINE # 29
000E D2B6              SETB    CLK
                                           ; SOURCE LINE # 30
0010 00                NOP     
                                           ; SOURCE LINE # 31
0011 00                NOP     
                                           ; SOURCE LINE # 32
0012 C2B6              CLR     CLK
                                           ; SOURCE LINE # 33
0014 00                NOP     
                                           ; SOURCE LINE # 34
0015 00                NOP     
                                           ; SOURCE LINE # 36
0016 A2B7              MOV     C,DOUT
0018 E4                CLR     A
0019 33                RLC     A
001A 4207              ORL     AR7,A
                                           ; SOURCE LINE # 37
001C 0D                INC     R5
001D BD0001            CJNE    R5,#00H,?C0013
0020 0C                INC     R4
0021         ?C0013:
0021 ED                MOV     A,R5
0022 640C              XRL     A,#0CH
0024 4C                ORL     A,R4
0025 70E0              JNZ     ?C0005
0027         ?C0006:
                                           ; SOURCE LINE # 38
                                           ; SOURCE LINE # 39
0027 22                RET     
             ; FUNCTION SPI_Read (END)

             ; FUNCTION _Read_AD_Data (BEGIN)
                                           ; SOURCE LINE # 42
;---- Variable 'cmd' assigned to Register 'R7' ----
                                           ; SOURCE LINE # 43
                                           ; SOURCE LINE # 46
0000 C2B6              CLR     CLK
                                           ; SOURCE LINE # 47
0002 C2B5              CLR     CS
                                           ; SOURCE LINE # 48
0004 120000      R     LCALL   _SPI_Write
                                           ; SOURCE LINE # 49
;---- Variable 'i' assigned to Register 'R7' ----
0007 7F0C              MOV     R7,#0CH
0009         ?C0009:
0009 EF                MOV     A,R7
C51 COMPILER V9.60.0.0   XPT2046                                                           04/17/2021 02:11:54 PAGE 5   

000A D3                SETB    C
000B 9400              SUBB    A,#00H
000D 7480              MOV     A,#080H
000F 9480              SUBB    A,#080H
0011 4003              JC      ?C0010
0013 1F                DEC     R7
0014 80F3              SJMP    ?C0009
0016         ?C0010:
                                           ; SOURCE LINE # 50
0016 D2B6              SETB    CLK
                                           ; SOURCE LINE # 51
0018 00                NOP     
                                           ; SOURCE LINE # 52
0019 00                NOP     
                                           ; SOURCE LINE # 53
001A 00                NOP     
                                           ; SOURCE LINE # 54
001B 00                NOP     
                                           ; SOURCE LINE # 55
001C C2B6              CLR     CLK
                                           ; SOURCE LINE # 56
001E 00                NOP     
                                           ; SOURCE LINE # 57
001F 00                NOP     
                                           ; SOURCE LINE # 58
0020 00                NOP     
                                           ; SOURCE LINE # 59
0021 00                NOP     
                                           ; SOURCE LINE # 60
0022 120000      R     LCALL   SPI_Read
;---- Variable 'AD_Value' assigned to Register 'R6/R7' ----
                                           ; SOURCE LINE # 61
0025 D2B5              SETB    CS
                                           ; SOURCE LINE # 62
                                           ; SOURCE LINE # 63
0027 22                RET     
             ; FUNCTION _Read_AD_Data (END)

C51 COMPILER V9.60.0.0   XPT2046                                                           04/17/2021 02:11:54 PAGE 6   

NAME                                    CLASS   MSPACE  TYPE    OFFSET  SIZE
====                                    =====   ======  ====    ======  ====


P0 . . . . . . . . . . . . . . . . . .  SFR      DATA   U_CHAR   0080H  1
P1 . . . . . . . . . . . . . . . . . .  SFR      DATA   U_CHAR   0090H  1
P2 . . . . . . . . . . . . . . . . . .  SFR      DATA   U_CHAR   00A0H  1
P3 . . . . . . . . . . . . . . . . . .  SFR      DATA   U_CHAR   00B0H  1
T0 . . . . . . . . . . . . . . . . . .  ABSBIT   -----  BIT      00B4H  1
AC . . . . . . . . . . . . . . . . . .  ABSBIT   -----  BIT      00D6H  1
T1 . . . . . . . . . . . . . . . . . .  ABSBIT   -----  BIT      00B5H  1
T2 . . . . . . . . . . . . . . . . . .  ABSBIT   -----  BIT      0090H  1
EA . . . . . . . . . . . . . . . . . .  ABSBIT   -----  BIT      00AFH  1
IE . . . . . . . . . . . . . . . . . .  SFR      DATA   U_CHAR   00A8H  1
CS . . . . . . . . . . . . . . . . . .  ABSBIT   -----  BIT      00B5H  1
EXF2 . . . . . . . . . . . . . . . . .  ABSBIT   -----  BIT      00CEH  1
RD . . . . . . . . . . . . . . . . . .  ABSBIT   -----  BIT      00B7H  1
ES . . . . . . . . . . . . . . . . . .  ABSBIT   -----  BIT      00ACH  1
IP . . . . . . . . . . . . . . . . . .  SFR      DATA   U_CHAR   00B8H  1
RI . . . . . . . . . . . . . . . . . .  ABSBIT   -----  BIT      0098H  1
INT0 . . . . . . . . . . . . . . . . .  ABSBIT   -----  BIT      00B2H  1
CY . . . . . . . . . . . . . . . . . .  ABSBIT   -----  BIT      00D7H  1
TI . . . . . . . . . . . . . . . . . .  ABSBIT   -----  BIT      0099H  1
INT1 . . . . . . . . . . . . . . . . .  ABSBIT   -----  BIT      00B3H  1
RCAP2H . . . . . . . . . . . . . . . .  SFR      DATA   U_CHAR   00CBH  1
PS . . . . . . . . . . . . . . . . . .  ABSBIT   -----  BIT      00BCH  1
SP . . . . . . . . . . . . . . . . . .  SFR      DATA   U_CHAR   0081H  1
T2EX . . . . . . . . . . . . . . . . .  ABSBIT   -----  BIT      0091H  1
OV . . . . . . . . . . . . . . . . . .  ABSBIT   -----  BIT      00D2H  1
RCAP2L . . . . . . . . . . . . . . . .  SFR      DATA   U_CHAR   00CAH  1
C_T2 . . . . . . . . . . . . . . . . .  ABSBIT   -----  BIT      00C9H  1
WR . . . . . . . . . . . . . . . . . .  ABSBIT   -----  BIT      00B6H  1
RCLK . . . . . . . . . . . . . . . . .  ABSBIT   -----  BIT      00CDH  1
TCLK . . . . . . . . . . . . . . . . .  ABSBIT   -----  BIT      00CCH  1
SBUF . . . . . . . . . . . . . . . . .  SFR      DATA   U_CHAR   0099H  1
PCON . . . . . . . . . . . . . . . . .  SFR      DATA   U_CHAR   0087H  1
SCON . . . . . . . . . . . . . . . . .  SFR      DATA   U_CHAR   0098H  1
TMOD . . . . . . . . . . . . . . . . .  SFR      DATA   U_CHAR   0089H  1
TCON . . . . . . . . . . . . . . . . .  SFR      DATA   U_CHAR   0088H  1
DOUT . . . . . . . . . . . . . . . . .  ABSBIT   -----  BIT      00B7H  1
IE0. . . . . . . . . . . . . . . . . .  ABSBIT   -----  BIT      0089H  1
IE1. . . . . . . . . . . . . . . . . .  ABSBIT   -----  BIT      008BH  1
_Read_AD_Data. . . . . . . . . . . . .  PUBLIC   CODE   PROC     0000H  -----
  cmd. . . . . . . . . . . . . . . . .  * REG *  DATA   U_CHAR   0007H  1
  i. . . . . . . . . . . . . . . . . .  * REG *  DATA   U_CHAR   0007H  1
  AD_Value . . . . . . . . . . . . . .  * REG *  DATA   U_INT    0006H  2
B. . . . . . . . . . . . . . . . . . .  SFR      DATA   U_CHAR   00F0H  1
CP_RL2 . . . . . . . . . . . . . . . .  ABSBIT   -----  BIT      00C8H  1
ACC. . . . . . . . . . . . . . . . . .  SFR      DATA   U_CHAR   00E0H  1
ET0. . . . . . . . . . . . . . . . . .  ABSBIT   -----  BIT      00A9H  1
ET1. . . . . . . . . . . . . . . . . .  ABSBIT   -----  BIT      00ABH  1
TF0. . . . . . . . . . . . . . . . . .  ABSBIT   -----  BIT      008DH  1
SPI_Read . . . . . . . . . . . . . . .  PUBLIC   CODE   PROC     0000H  -----
  i. . . . . . . . . . . . . . . . . .  * REG *  DATA   U_INT    0004H  2
  dat. . . . . . . . . . . . . . . . .  * REG *  DATA   U_INT    0006H  2
ET2. . . . . . . . . . . . . . . . . .  ABSBIT   -----  BIT      00ADH  1
TF1. . . . . . . . . . . . . . . . . .  ABSBIT   -----  BIT      008FH  1
TF2. . . . . . . . . . . . . . . . . .  ABSBIT   -----  BIT      00CFH  1
RB8. . . . . . . . . . . . . . . . . .  ABSBIT   -----  BIT      009AH  1
TH0. . . . . . . . . . . . . . . . . .  SFR      DATA   U_CHAR   008CH  1
EX0. . . . . . . . . . . . . . . . . .  ABSBIT   -----  BIT      00A8H  1
C51 COMPILER V9.60.0.0   XPT2046                                                           04/17/2021 02:11:54 PAGE 7   

NAME                                    CLASS   MSPACE  TYPE    OFFSET  SIZE
====                                    =====   ======  ====    ======  ====


IT0. . . . . . . . . . . . . . . . . .  ABSBIT   -----  BIT      0088H  1
TH1. . . . . . . . . . . . . . . . . .  SFR      DATA   U_CHAR   008DH  1
TB8. . . . . . . . . . . . . . . . . .  ABSBIT   -----  BIT      009BH  1
EX1. . . . . . . . . . . . . . . . . .  ABSBIT   -----  BIT      00AAH  1
IT1. . . . . . . . . . . . . . . . . .  ABSBIT   -----  BIT      008AH  1
TH2. . . . . . . . . . . . . . . . . .  SFR      DATA   U_CHAR   00CDH  1
P. . . . . . . . . . . . . . . . . . .  ABSBIT   -----  BIT      00D0H  1
SM0. . . . . . . . . . . . . . . . . .  ABSBIT   -----  BIT      009FH  1
TL0. . . . . . . . . . . . . . . . . .  SFR      DATA   U_CHAR   008AH  1
SM1. . . . . . . . . . . . . . . . . .  ABSBIT   -----  BIT      009EH  1
TL1. . . . . . . . . . . . . . . . . .  SFR      DATA   U_CHAR   008BH  1
SM2. . . . . . . . . . . . . . . . . .  ABSBIT   -----  BIT      009DH  1
TL2. . . . . . . . . . . . . . . . . .  SFR      DATA   U_CHAR   00CCH  1
PT0. . . . . . . . . . . . . . . . . .  ABSBIT   -----  BIT      00B9H  1
PT1. . . . . . . . . . . . . . . . . .  ABSBIT   -----  BIT      00BBH  1
RS0. . . . . . . . . . . . . . . . . .  ABSBIT   -----  BIT      00D3H  1
PT2. . . . . . . . . . . . . . . . . .  ABSBIT   -----  BIT      00BDH  1
TR0. . . . . . . . . . . . . . . . . .  ABSBIT   -----  BIT      008CH  1
RS1. . . . . . . . . . . . . . . . . .  ABSBIT   -----  BIT      00D4H  1
TR1. . . . . . . . . . . . . . . . . .  ABSBIT   -----  BIT      008EH  1
TR2. . . . . . . . . . . . . . . . . .  ABSBIT   -----  BIT      00CAH  1
PX0. . . . . . . . . . . . . . . . . .  ABSBIT   -----  BIT      00B8H  1
PX1. . . . . . . . . . . . . . . . . .  ABSBIT   -----  BIT      00BAH  1
CLK. . . . . . . . . . . . . . . . . .  ABSBIT   -----  BIT      00B6H  1
_SPI_Write . . . . . . . . . . . . . .  PUBLIC   CODE   PROC     0000H  -----
  dat. . . . . . . . . . . . . . . . .  * REG *  DATA   U_CHAR   0007H  1
  i. . . . . . . . . . . . . . . . . .  * REG *  DATA   U_CHAR   0006H  1
DIN. . . . . . . . . . . . . . . . . .  ABSBIT   -----  BIT      00B4H  1
DPH. . . . . . . . . . . . . . . . . .  SFR      DATA   U_CHAR   0083H  1
DPL. . . . . . . . . . . . . . . . . .  SFR      DATA   U_CHAR   0082H  1
EXEN2. . . . . . . . . . . . . . . . .  ABSBIT   -----  BIT      00CBH  1
REN. . . . . . . . . . . . . . . . . .  ABSBIT   -----  BIT      009CH  1
T2CON. . . . . . . . . . . . . . . . .  SFR      DATA   U_CHAR   00C8H  1
RXD. . . . . . . . . . . . . . . . . .  ABSBIT   -----  BIT      00B0H  1
TXD. . . . . . . . . . . . . . . . . .  ABSBIT   -----  BIT      00B1H  1
F0 . . . . . . . . . . . . . . . . . .  ABSBIT   -----  BIT      00D5H  1
PSW. . . . . . . . . . . . . . . . . .  SFR      DATA   U_CHAR   00D0H  1


MODULE INFORMATION:   STATIC OVERLAYABLE
   CODE SIZE        =    121    ----
   CONSTANT SIZE    =   ----    ----
   XDATA SIZE       =   ----    ----
   PDATA SIZE       =   ----    ----
   DATA SIZE        =   ----    ----
   IDATA SIZE       =   ----    ----
   BIT SIZE         =   ----    ----
   EDATA SIZE       =   ----    ----
   HDATA SIZE       =   ----    ----
   XDATA CONST SIZE =   ----    ----
   FAR CONST SIZE   =   ----    ----
END OF MODULE INFORMATION.


C51 COMPILATION COMPLETE.  0 WARNING(S),  0 ERROR(S)
