C51 COMPILER V9.60.0.0   MAIN                                                              03/06/2021 23:29:31 PAGE 1   


C51 COMPILER V9.60.0.0, COMPILATION OF MODULE MAIN
OBJECT MODULE PLACED IN main.OBJ
COMPILER INVOKED BY: C:\Keil_v5\C51\BIN\C51.exe main.c

line level    source

   1          #include <REG52.H>
   2          
   3          typedef unsigned char u8;
   4          typedef unsigned int u16;
   5          
   6          sbit led = P0 ^ 0;
   7          
   8          void Delay500ms()               //@11.973MHz
   9          {
  10   1              unsigned char i, j, k;
  11   1      
  12   1              i = 23;
  13   1              j = 192;
  14   1              k = 86;
  15   1              do
  16   1              {
  17   2                      do
  18   2                      {
  19   3                              while (--k);
  20   3                      } while (--j);
  21   2              } while (--i);
  22   1      }
  23          
  24          
  25          void Delay1000ms()              //@11.973MHz
  26          {
  27   1              unsigned char i, j, k;
  28   1      
  29   1              i = 46;
  30   1              j = 127;
  31   1              k = 177;
  32   1              do
  33   1              {
  34   2                      do
  35   2                      {
  36   3                              while (--k);
  37   3                      } while (--j);
  38   2              } while (--i);
  39   1      }
  40          
  41          
  42          void main()
  43          {
  44   1          led = 1;
  45   1          Delay1000ms();
  46   1          led = 0;
  47   1          Delay1000ms();
  48   1      }


MODULE INFORMATION:   STATIC OVERLAYABLE
   CODE SIZE        =     36    ----
   CONSTANT SIZE    =   ----    ----
   XDATA SIZE       =   ----    ----
   PDATA SIZE       =   ----    ----
C51 COMPILER V9.60.0.0   MAIN                                                              03/06/2021 23:29:31 PAGE 2   

   DATA SIZE        =   ----    ----
   IDATA SIZE       =   ----    ----
   BIT SIZE         =   ----    ----
END OF MODULE INFORMATION.


C51 COMPILATION COMPLETE.  0 WARNING(S),  0 ERROR(S)
